{"D:\\Web\\BackendNode\\finance-tracker\\app.js": {"path":"D:\\Web\\BackendNode\\finance-tracker\\app.js","statementMap":{"0":{"start":{"line":1,"column":20},"end":{"line":1,"column":42}},"1":{"start":{"line":2,"column":16},"end":{"line":2,"column":34}},"2":{"start":{"line":3,"column":13},"end":{"line":3,"column":28}},"3":{"start":{"line":4,"column":21},"end":{"line":4,"column":45}},"4":{"start":{"line":5,"column":15},"end":{"line":5,"column":32}},"5":{"start":{"line":6,"column":18},"end":{"line":6,"column":47}},"6":{"start":{"line":7,"column":13},"end":{"line":7,"column":30}},"7":{"start":{"line":8,"column":20},"end":{"line":8,"column":49}},"8":{"start":{"line":10,"column":20},"end":{"line":10,"column":45}},"9":{"start":{"line":11,"column":25},"end":{"line":11,"column":55}},"10":{"start":{"line":12,"column":23},"end":{"line":12,"column":51}},"11":{"start":{"line":15,"column":13},"end":{"line":15,"column":17}},"12":{"start":{"line":16,"column":12},"end":{"line":16,"column":21}},"13":{"start":{"line":19,"column":24},"end":{"line":19,"column":49}},"14":{"start":{"line":20,"column":0},"end":{"line":20,"column":72}},"15":{"start":{"line":23,"column":0},"end":{"line":23,"column":48}},"16":{"start":{"line":24,"column":0},"end":{"line":24,"column":30}},"17":{"start":{"line":26,"column":0},"end":{"line":26,"column":23}},"18":{"start":{"line":27,"column":0},"end":{"line":27,"column":24}},"19":{"start":{"line":28,"column":0},"end":{"line":28,"column":49}},"20":{"start":{"line":29,"column":0},"end":{"line":29,"column":24}},"21":{"start":{"line":30,"column":0},"end":{"line":30,"column":56}},"22":{"start":{"line":32,"column":0},"end":{"line":32,"column":26}},"23":{"start":{"line":33,"column":0},"end":{"line":33,"column":45}},"24":{"start":{"line":34,"column":0},"end":{"line":34,"column":41}},"25":{"start":{"line":36,"column":0},"end":{"line":36,"column":60}},"26":{"start":{"line":36,"column":27},"end":{"line":36,"column":58}},"27":{"start":{"line":39,"column":0},"end":{"line":41,"column":3}},"28":{"start":{"line":40,"column":4},"end":{"line":40,"column":27}},"29":{"start":{"line":44,"column":0},"end":{"line":49,"column":3}},"30":{"start":{"line":45,"column":4},"end":{"line":47,"column":5}},"31":{"start":{"line":46,"column":8},"end":{"line":46,"column":59}},"32":{"start":{"line":48,"column":4},"end":{"line":48,"column":11}},"33":{"start":{"line":52,"column":0},"end":{"line":55,"column":3}},"34":{"start":{"line":53,"column":4},"end":{"line":53,"column":29}},"35":{"start":{"line":54,"column":4},"end":{"line":54,"column":83}},"36":{"start":{"line":57,"column":0},"end":{"line":59,"column":3}},"37":{"start":{"line":58,"column":4},"end":{"line":58,"column":74}},"38":{"start":{"line":58,"column":27},"end":{"line":58,"column":72}},"39":{"start":{"line":61,"column":0},"end":{"line":66,"column":3}},"40":{"start":{"line":62,"column":4},"end":{"line":64,"column":5}},"41":{"start":{"line":63,"column":8},"end":{"line":63,"column":59}},"42":{"start":{"line":65,"column":4},"end":{"line":65,"column":11}},"43":{"start":{"line":68,"column":0},"end":{"line":68,"column":21}}},"fnMap":{"0":{"name":"(anonymous_0)","decl":{"start":{"line":36,"column":13},"end":{"line":36,"column":14}},"loc":{"start":{"line":36,"column":27},"end":{"line":36,"column":58}},"line":36},"1":{"name":"(anonymous_1)","decl":{"start":{"line":39,"column":8},"end":{"line":39,"column":9}},"loc":{"start":{"line":39,"column":28},"end":{"line":41,"column":1}},"line":39},"2":{"name":"(anonymous_2)","decl":{"start":{"line":44,"column":8},"end":{"line":44,"column":9}},"loc":{"start":{"line":44,"column":28},"end":{"line":49,"column":1}},"line":44},"3":{"name":"(anonymous_3)","decl":{"start":{"line":52,"column":8},"end":{"line":52,"column":9}},"loc":{"start":{"line":52,"column":33},"end":{"line":55,"column":1}},"line":52},"4":{"name":"(anonymous_4)","decl":{"start":{"line":57,"column":19},"end":{"line":57,"column":20}},"loc":{"start":{"line":57,"column":25},"end":{"line":59,"column":1}},"line":57},"5":{"name":"(anonymous_5)","decl":{"start":{"line":58,"column":21},"end":{"line":58,"column":22}},"loc":{"start":{"line":58,"column":27},"end":{"line":58,"column":72}},"line":58},"6":{"name":"(anonymous_6)","decl":{"start":{"line":61,"column":8},"end":{"line":61,"column":9}},"loc":{"start":{"line":61,"column":28},"end":{"line":66,"column":1}},"line":61}},"branchMap":{"0":{"loc":{"start":{"line":45,"column":4},"end":{"line":47,"column":5}},"type":"if","locations":[{"start":{"line":45,"column":4},"end":{"line":47,"column":5}},{"start":{},"end":{}}],"line":45},"1":{"loc":{"start":{"line":62,"column":4},"end":{"line":64,"column":5}},"type":"if","locations":[{"start":{"line":62,"column":4},"end":{"line":64,"column":5}},{"start":{},"end":{}}],"line":62}},"s":{"0":1,"1":1,"2":1,"3":1,"4":1,"5":1,"6":1,"7":1,"8":1,"9":1,"10":1,"11":1,"12":1,"13":1,"14":1,"15":1,"16":1,"17":1,"18":1,"19":1,"20":1,"21":1,"22":1,"23":1,"24":1,"25":1,"26":0,"27":1,"28":1,"29":1,"30":0,"31":0,"32":0,"33":1,"34":5,"35":5,"36":1,"37":1,"38":1,"39":1,"40":0,"41":0,"42":0,"43":1},"f":{"0":0,"1":1,"2":0,"3":5,"4":1,"5":1,"6":0},"b":{"0":[0,0],"1":[0,0]},"_coverageSchema":"1a1c01bbd47fc00a2c39e90264f33305004495a9","hash":"deac6021369f7d943034645c442f3a3ec30080dd"}
,"D:\\Web\\BackendNode\\finance-tracker\\config\\db.config.js": {"path":"D:\\Web\\BackendNode\\finance-tracker\\config\\db.config.js","statementMap":{"0":{"start":{"line":1,"column":17},"end":{"line":1,"column":36}},"1":{"start":{"line":3,"column":20},"end":{"line":18,"column":1}},"2":{"start":{"line":4,"column":4},"end":{"line":17,"column":5}},"3":{"start":{"line":5,"column":8},"end":{"line":12,"column":10}},"4":{"start":{"line":13,"column":8},"end":{"line":13,"column":44}},"5":{"start":{"line":15,"column":8},"end":{"line":15,"column":58}},"6":{"start":{"line":16,"column":8},"end":{"line":16,"column":20}},"7":{"start":{"line":20,"column":0},"end":{"line":20,"column":29}}},"fnMap":{"0":{"name":"(anonymous_0)","decl":{"start":{"line":3,"column":20},"end":{"line":3,"column":21}},"loc":{"start":{"line":3,"column":32},"end":{"line":18,"column":1}},"line":3}},"branchMap":{},"s":{"0":1,"1":1,"2":3,"3":3,"4":2,"5":1,"6":1,"7":1},"f":{"0":3},"b":{},"_coverageSchema":"1a1c01bbd47fc00a2c39e90264f33305004495a9","hash":"e91e0e16b3d844594897654f262850c3ffe781be"}
,"D:\\Web\\BackendNode\\finance-tracker\\controllers\\categories.controller.js": {"path":"D:\\Web\\BackendNode\\finance-tracker\\controllers\\categories.controller.js","statementMap":{"0":{"start":{"line":1,"column":17},"end":{"line":1,"column":52}},"1":{"start":{"line":2,"column":16},"end":{"line":2,"column":50}},"2":{"start":{"line":5,"column":0},"end":{"line":12,"column":2}},"3":{"start":{"line":6,"column":4},"end":{"line":11,"column":5}},"4":{"start":{"line":7,"column":27},"end":{"line":7,"column":48}},"5":{"start":{"line":8,"column":8},"end":{"line":8,"column":29}},"6":{"start":{"line":10,"column":8},"end":{"line":10,"column":20}},"7":{"start":{"line":15,"column":0},"end":{"line":23,"column":2}},"8":{"start":{"line":16,"column":4},"end":{"line":22,"column":5}},"9":{"start":{"line":17,"column":38},"end":{"line":17,"column":46}},"10":{"start":{"line":18,"column":25},"end":{"line":18,"column":69}},"11":{"start":{"line":19,"column":8},"end":{"line":19,"column":39}},"12":{"start":{"line":21,"column":8},"end":{"line":21,"column":20}},"13":{"start":{"line":26,"column":0},"end":{"line":46,"column":2}},"14":{"start":{"line":27,"column":4},"end":{"line":45,"column":5}},"15":{"start":{"line":28,"column":23},"end":{"line":28,"column":33}},"16":{"start":{"line":30,"column":32},"end":{"line":30,"column":71}},"17":{"start":{"line":31,"column":8},"end":{"line":35,"column":9}},"18":{"start":{"line":32,"column":12},"end":{"line":34,"column":15}},"19":{"start":{"line":37,"column":24},"end":{"line":37,"column":60}},"20":{"start":{"line":38,"column":8},"end":{"line":40,"column":9}},"21":{"start":{"line":39,"column":12},"end":{"line":39,"column":75}},"22":{"start":{"line":42,"column":8},"end":{"line":42,"column":63}},"23":{"start":{"line":44,"column":8},"end":{"line":44,"column":20}},"24":{"start":{"line":49,"column":0},"end":{"line":68,"column":2}},"25":{"start":{"line":50,"column":4},"end":{"line":67,"column":5}},"26":{"start":{"line":51,"column":23},"end":{"line":51,"column":33}},"27":{"start":{"line":52,"column":38},"end":{"line":52,"column":46}},"28":{"start":{"line":54,"column":32},"end":{"line":58,"column":9}},"29":{"start":{"line":60,"column":8},"end":{"line":62,"column":9}},"30":{"start":{"line":61,"column":12},"end":{"line":61,"column":75}},"31":{"start":{"line":64,"column":8},"end":{"line":64,"column":34}},"32":{"start":{"line":66,"column":8},"end":{"line":66,"column":20}}},"fnMap":{"0":{"name":"(anonymous_0)","decl":{"start":{"line":5,"column":24},"end":{"line":5,"column":25}},"loc":{"start":{"line":5,"column":50},"end":{"line":12,"column":1}},"line":5},"1":{"name":"(anonymous_1)","decl":{"start":{"line":15,"column":25},"end":{"line":15,"column":26}},"loc":{"start":{"line":15,"column":51},"end":{"line":23,"column":1}},"line":15},"2":{"name":"(anonymous_2)","decl":{"start":{"line":26,"column":25},"end":{"line":26,"column":26}},"loc":{"start":{"line":26,"column":51},"end":{"line":46,"column":1}},"line":26},"3":{"name":"(anonymous_3)","decl":{"start":{"line":49,"column":25},"end":{"line":49,"column":26}},"loc":{"start":{"line":49,"column":51},"end":{"line":68,"column":1}},"line":49}},"branchMap":{"0":{"loc":{"start":{"line":31,"column":8},"end":{"line":35,"column":9}},"type":"if","locations":[{"start":{"line":31,"column":8},"end":{"line":35,"column":9}},{"start":{},"end":{}}],"line":31},"1":{"loc":{"start":{"line":38,"column":8},"end":{"line":40,"column":9}},"type":"if","locations":[{"start":{"line":38,"column":8},"end":{"line":40,"column":9}},{"start":{},"end":{}}],"line":38},"2":{"loc":{"start":{"line":60,"column":8},"end":{"line":62,"column":9}},"type":"if","locations":[{"start":{"line":60,"column":8},"end":{"line":62,"column":9}},{"start":{},"end":{}}],"line":60}},"s":{"0":1,"1":1,"2":1,"3":0,"4":0,"5":0,"6":0,"7":1,"8":0,"9":0,"10":0,"11":0,"12":0,"13":1,"14":0,"15":0,"16":0,"17":0,"18":0,"19":0,"20":0,"21":0,"22":0,"23":0,"24":1,"25":0,"26":0,"27":0,"28":0,"29":0,"30":0,"31":0,"32":0},"f":{"0":0,"1":0,"2":0,"3":0},"b":{"0":[0,0],"1":[0,0],"2":[0,0]},"_coverageSchema":"1a1c01bbd47fc00a2c39e90264f33305004495a9","hash":"7edcdec78d83e6cf89fda03601742180b2b2859f"}
,"D:\\Web\\BackendNode\\finance-tracker\\controllers\\expenses.controller.js": {"path":"D:\\Web\\BackendNode\\finance-tracker\\controllers\\expenses.controller.js","statementMap":{"0":{"start":{"line":1,"column":19},"end":{"line":1,"column":38}},"1":{"start":{"line":2,"column":16},"end":{"line":2,"column":50}},"2":{"start":{"line":3,"column":17},"end":{"line":3,"column":52}},"3":{"start":{"line":6,"column":0},"end":{"line":24,"column":2}},"4":{"start":{"line":7,"column":4},"end":{"line":23,"column":5}},"5":{"start":{"line":8,"column":56},"end":{"line":8,"column":64}},"6":{"start":{"line":10,"column":31},"end":{"line":10,"column":64}},"7":{"start":{"line":11,"column":8},"end":{"line":13,"column":9}},"8":{"start":{"line":12,"column":12},"end":{"line":12,"column":75}},"9":{"start":{"line":15,"column":24},"end":{"line":15,"column":76}},"10":{"start":{"line":16,"column":8},"end":{"line":16,"column":29}},"11":{"start":{"line":17,"column":8},"end":{"line":17,"column":38}},"12":{"start":{"line":19,"column":8},"end":{"line":21,"column":9}},"13":{"start":{"line":20,"column":12},"end":{"line":20,"column":68}},"14":{"start":{"line":22,"column":8},"end":{"line":22,"column":20}},"15":{"start":{"line":27,"column":0},"end":{"line":34,"column":2}},"16":{"start":{"line":28,"column":4},"end":{"line":33,"column":5}},"17":{"start":{"line":29,"column":25},"end":{"line":29,"column":86}},"18":{"start":{"line":30,"column":8},"end":{"line":30,"column":39}},"19":{"start":{"line":32,"column":8},"end":{"line":32,"column":20}},"20":{"start":{"line":37,"column":0},"end":{"line":58,"column":2}},"21":{"start":{"line":38,"column":4},"end":{"line":57,"column":5}},"22":{"start":{"line":39,"column":57},"end":{"line":39,"column":65}},"23":{"start":{"line":40,"column":8},"end":{"line":45,"column":9}},"24":{"start":{"line":41,"column":29},"end":{"line":41,"column":64}},"25":{"start":{"line":42,"column":12},"end":{"line":44,"column":13}},"26":{"start":{"line":43,"column":16},"end":{"line":43,"column":79}},"27":{"start":{"line":46,"column":24},"end":{"line":50,"column":9}},"28":{"start":{"line":51,"column":8},"end":{"line":53,"column":9}},"29":{"start":{"line":52,"column":12},"end":{"line":52,"column":74}},"30":{"start":{"line":54,"column":8},"end":{"line":54,"column":38}},"31":{"start":{"line":56,"column":8},"end":{"line":56,"column":20}},"32":{"start":{"line":61,"column":0},"end":{"line":71,"column":2}},"33":{"start":{"line":62,"column":4},"end":{"line":70,"column":5}},"34":{"start":{"line":63,"column":24},"end":{"line":63,"column":70}},"35":{"start":{"line":64,"column":8},"end":{"line":66,"column":9}},"36":{"start":{"line":65,"column":12},"end":{"line":65,"column":74}},"37":{"start":{"line":67,"column":8},"end":{"line":67,"column":74}},"38":{"start":{"line":69,"column":8},"end":{"line":69,"column":20}},"39":{"start":{"line":74,"column":0},"end":{"line":122,"column":2}},"40":{"start":{"line":75,"column":4},"end":{"line":121,"column":5}},"41":{"start":{"line":76,"column":39},"end":{"line":76,"column":48}},"42":{"start":{"line":77,"column":23},"end":{"line":77,"column":25}},"43":{"start":{"line":78,"column":8},"end":{"line":80,"column":9}},"44":{"start":{"line":79,"column":12},"end":{"line":79,"column":81}},"45":{"start":{"line":83,"column":22},"end":{"line":86,"column":10}},"46":{"start":{"line":89,"column":27},"end":{"line":106,"column":10}},"47":{"start":{"line":109,"column":24},"end":{"line":112,"column":10}},"48":{"start":{"line":114,"column":8},"end":{"line":118,"column":11}},"49":{"start":{"line":120,"column":8},"end":{"line":120,"column":20}},"50":{"start":{"line":125,"column":0},"end":{"line":146,"column":2}},"51":{"start":{"line":126,"column":4},"end":{"line":145,"column":5}},"52":{"start":{"line":127,"column":25},"end":{"line":127,"column":74}},"53":{"start":{"line":128,"column":23},"end":{"line":136,"column":9}},"54":{"start":{"line":137,"column":31},"end":{"line":137,"column":53}},"55":{"start":{"line":138,"column":20},"end":{"line":138,"column":50}},"56":{"start":{"line":140,"column":8},"end":{"line":140,"column":47}},"57":{"start":{"line":141,"column":8},"end":{"line":141,"column":39}},"58":{"start":{"line":142,"column":8},"end":{"line":142,"column":34}},"59":{"start":{"line":144,"column":8},"end":{"line":144,"column":20}}},"fnMap":{"0":{"name":"(anonymous_0)","decl":{"start":{"line":6,"column":24},"end":{"line":6,"column":25}},"loc":{"start":{"line":6,"column":50},"end":{"line":24,"column":1}},"line":6},"1":{"name":"(anonymous_1)","decl":{"start":{"line":27,"column":25},"end":{"line":27,"column":26}},"loc":{"start":{"line":27,"column":51},"end":{"line":34,"column":1}},"line":27},"2":{"name":"(anonymous_2)","decl":{"start":{"line":37,"column":24},"end":{"line":37,"column":25}},"loc":{"start":{"line":37,"column":50},"end":{"line":58,"column":1}},"line":37},"3":{"name":"(anonymous_3)","decl":{"start":{"line":61,"column":24},"end":{"line":61,"column":25}},"loc":{"start":{"line":61,"column":50},"end":{"line":71,"column":1}},"line":61},"4":{"name":"(anonymous_4)","decl":{"start":{"line":74,"column":24},"end":{"line":74,"column":25}},"loc":{"start":{"line":74,"column":50},"end":{"line":122,"column":1}},"line":74},"5":{"name":"(anonymous_5)","decl":{"start":{"line":125,"column":25},"end":{"line":125,"column":26}},"loc":{"start":{"line":125,"column":51},"end":{"line":146,"column":1}},"line":125}},"branchMap":{"0":{"loc":{"start":{"line":11,"column":8},"end":{"line":13,"column":9}},"type":"if","locations":[{"start":{"line":11,"column":8},"end":{"line":13,"column":9}},{"start":{},"end":{}}],"line":11},"1":{"loc":{"start":{"line":19,"column":8},"end":{"line":21,"column":9}},"type":"if","locations":[{"start":{"line":19,"column":8},"end":{"line":21,"column":9}},{"start":{},"end":{}}],"line":19},"2":{"loc":{"start":{"line":40,"column":8},"end":{"line":45,"column":9}},"type":"if","locations":[{"start":{"line":40,"column":8},"end":{"line":45,"column":9}},{"start":{},"end":{}}],"line":40},"3":{"loc":{"start":{"line":42,"column":12},"end":{"line":44,"column":13}},"type":"if","locations":[{"start":{"line":42,"column":12},"end":{"line":44,"column":13}},{"start":{},"end":{}}],"line":42},"4":{"loc":{"start":{"line":51,"column":8},"end":{"line":53,"column":9}},"type":"if","locations":[{"start":{"line":51,"column":8},"end":{"line":53,"column":9}},{"start":{},"end":{}}],"line":51},"5":{"loc":{"start":{"line":64,"column":8},"end":{"line":66,"column":9}},"type":"if","locations":[{"start":{"line":64,"column":8},"end":{"line":66,"column":9}},{"start":{},"end":{}}],"line":64},"6":{"loc":{"start":{"line":78,"column":8},"end":{"line":80,"column":9}},"type":"if","locations":[{"start":{"line":78,"column":8},"end":{"line":80,"column":9}},{"start":{},"end":{}}],"line":78},"7":{"loc":{"start":{"line":78,"column":12},"end":{"line":78,"column":32}},"type":"binary-expr","locations":[{"start":{"line":78,"column":12},"end":{"line":78,"column":21}},{"start":{"line":78,"column":25},"end":{"line":78,"column":32}}],"line":78},"8":{"loc":{"start":{"line":115,"column":25},"end":{"line":115,"column":51}},"type":"binary-expr","locations":[{"start":{"line":115,"column":25},"end":{"line":115,"column":46}},{"start":{"line":115,"column":50},"end":{"line":115,"column":51}}],"line":115},"9":{"loc":{"start":{"line":117,"column":27},"end":{"line":117,"column":57}},"type":"binary-expr","locations":[{"start":{"line":117,"column":27},"end":{"line":117,"column":52}},{"start":{"line":117,"column":56},"end":{"line":117,"column":57}}],"line":117}},"s":{"0":1,"1":1,"2":1,"3":1,"4":3,"5":3,"6":3,"7":3,"8":1,"9":2,"10":2,"11":0,"12":2,"13":2,"14":0,"15":1,"16":2,"17":2,"18":0,"19":2,"20":1,"21":1,"22":1,"23":1,"24":1,"25":1,"26":0,"27":1,"28":1,"29":1,"30":0,"31":0,"32":1,"33":1,"34":1,"35":1,"36":1,"37":0,"38":0,"39":1,"40":1,"41":1,"42":1,"43":1,"44":1,"45":1,"46":0,"47":0,"48":0,"49":1,"50":1,"51":1,"52":1,"53":0,"54":0,"55":0,"56":0,"57":0,"58":0,"59":1},"f":{"0":3,"1":2,"2":1,"3":1,"4":1,"5":1},"b":{"0":[1,2],"1":[2,0],"2":[1,0],"3":[0,1],"4":[1,0],"5":[1,0],"6":[1,0],"7":[1,1],"8":[0,0],"9":[0,0]},"_coverageSchema":"1a1c01bbd47fc00a2c39e90264f33305004495a9","hash":"5033e362b76728610b2886c79073fdcc3c2a1436"}
,"D:\\Web\\BackendNode\\finance-tracker\\models\\category.model.js": {"path":"D:\\Web\\BackendNode\\finance-tracker\\models\\category.model.js","statementMap":{"0":{"start":{"line":1,"column":17},"end":{"line":1,"column":36}},"1":{"start":{"line":3,"column":22},"end":{"line":6,"column":2}},"2":{"start":{"line":8,"column":0},"end":{"line":8,"column":85}}},"fnMap":{},"branchMap":{"0":{"loc":{"start":{"line":8,"column":17},"end":{"line":8,"column":84}},"type":"binary-expr","locations":[{"start":{"line":8,"column":17},"end":{"line":8,"column":40}},{"start":{"line":8,"column":44},"end":{"line":8,"column":84}}],"line":8}},"s":{"0":1,"1":1,"2":1},"f":{},"b":{"0":[1,1]},"_coverageSchema":"1a1c01bbd47fc00a2c39e90264f33305004495a9","hash":"76a79ca88954374f70d3ab85e67cba69721a474c"}
,"D:\\Web\\BackendNode\\finance-tracker\\models\\expense.model.js": {"path":"D:\\Web\\BackendNode\\finance-tracker\\models\\expense.model.js","statementMap":{"0":{"start":{"line":1,"column":17},"end":{"line":1,"column":36}},"1":{"start":{"line":3,"column":26},"end":{"line":3,"column":34}},"2":{"start":{"line":5,"column":22},"end":{"line":13,"column":1}},"3":{"start":{"line":15,"column":0},"end":{"line":15,"column":85}}},"fnMap":{},"branchMap":{"0":{"loc":{"start":{"line":15,"column":17},"end":{"line":15,"column":84}},"type":"binary-expr","locations":[{"start":{"line":15,"column":17},"end":{"line":15,"column":40}},{"start":{"line":15,"column":44},"end":{"line":15,"column":84}}],"line":15}},"s":{"0":1,"1":1,"2":1,"3":1},"f":{},"b":{"0":[1,0]},"_coverageSchema":"1a1c01bbd47fc00a2c39e90264f33305004495a9","hash":"61504009a54e39c80e2b01cca58705f647665110"}
,"D:\\Web\\BackendNode\\finance-tracker\\routes\\categories.js": {"path":"D:\\Web\\BackendNode\\finance-tracker\\routes\\categories.js","statementMap":{"0":{"start":{"line":1,"column":16},"end":{"line":1,"column":34}},"1":{"start":{"line":3,"column":15},"end":{"line":3,"column":31}},"2":{"start":{"line":4,"column":27},"end":{"line":4,"column":74}},"3":{"start":{"line":6,"column":0},"end":{"line":6,"column":52}},"4":{"start":{"line":7,"column":0},"end":{"line":7,"column":50}},"5":{"start":{"line":8,"column":0},"end":{"line":8,"column":54}},"6":{"start":{"line":9,"column":0},"end":{"line":9,"column":57}},"7":{"start":{"line":11,"column":0},"end":{"line":11,"column":24}}},"fnMap":{},"branchMap":{},"s":{"0":1,"1":1,"2":1,"3":1,"4":1,"5":1,"6":1,"7":1},"f":{},"b":{},"_coverageSchema":"1a1c01bbd47fc00a2c39e90264f33305004495a9","hash":"68c6f848e8d2efc182828ce02b737e3238f510ad"}
,"D:\\Web\\BackendNode\\finance-tracker\\routes\\expenses.js": {"path":"D:\\Web\\BackendNode\\finance-tracker\\routes\\expenses.js","statementMap":{"0":{"start":{"line":1,"column":16},"end":{"line":1,"column":34}},"1":{"start":{"line":3,"column":15},"end":{"line":3,"column":31}},"2":{"start":{"line":4,"column":27},"end":{"line":4,"column":72}},"3":{"start":{"line":6,"column":0},"end":{"line":6,"column":51}},"4":{"start":{"line":7,"column":0},"end":{"line":7,"column":51}},"5":{"start":{"line":8,"column":0},"end":{"line":8,"column":53}},"6":{"start":{"line":9,"column":0},"end":{"line":9,"column":56}},"7":{"start":{"line":10,"column":0},"end":{"line":10,"column":60}},"8":{"start":{"line":11,"column":0},"end":{"line":11,"column":57}},"9":{"start":{"line":13,"column":0},"end":{"line":13,"column":24}}},"fnMap":{},"branchMap":{},"s":{"0":1,"1":1,"2":1,"3":1,"4":1,"5":1,"6":1,"7":1,"8":1,"9":1},"f":{},"b":{},"_coverageSchema":"1a1c01bbd47fc00a2c39e90264f33305004495a9","hash":"4a6332c1d42ddc245d4e1c5cec3ed21c843ded1f"}
,"D:\\Web\\BackendNode\\finance-tracker\\routes\\index.js": {"path":"D:\\Web\\BackendNode\\finance-tracker\\routes\\index.js","statementMap":{"0":{"start":{"line":1,"column":16},"end":{"line":1,"column":34}},"1":{"start":{"line":3,"column":15},"end":{"line":3,"column":31}},"2":{"start":{"line":6,"column":0},"end":{"line":8,"column":3}},"3":{"start":{"line":7,"column":4},"end":{"line":7,"column":46}},"4":{"start":{"line":10,"column":0},"end":{"line":10,"column":24}}},"fnMap":{"0":{"name":"(anonymous_0)","decl":{"start":{"line":6,"column":16},"end":{"line":6,"column":17}},"loc":{"start":{"line":6,"column":30},"end":{"line":8,"column":1}},"line":6}},"branchMap":{},"s":{"0":1,"1":1,"2":1,"3":0,"4":1},"f":{"0":0},"b":{},"_coverageSchema":"1a1c01bbd47fc00a2c39e90264f33305004495a9","hash":"48a29f13101fe617252eccddf279f63d38c1a7b4"}
}
