{
  "C:\\Users\\Stas\\Desktop\\Laboratory\\BackEnd\\finance-tracker\\app.js": {
    "path": "C:\\Users\\Stas\\Desktop\\Laboratory\\BackEnd\\finance-tracker\\app.js",
    "statementMap": {
      "0": {
        "start": { "line": 1, "column": 16 },
        "end": { "line": 1, "column": 34 }
      },
      "1": {
        "start": { "line": 2, "column": 20 },
        "end": { "line": 2, "column": 49 }
      },
      "2": {
        "start": { "line": 3, "column": 18 },
        "end": { "line": 3, "column": 47 }
      },
      "3": {
        "start": { "line": 4, "column": 13 },
        "end": { "line": 4, "column": 30 }
      },
      "4": {
        "start": { "line": 6, "column": 12 },
        "end": { "line": 6, "column": 21 }
      },
      "5": {
        "start": { "line": 9, "column": 24 },
        "end": { "line": 9, "column": 49 }
      },
      "6": {
        "start": { "line": 10, "column": 0 },
        "end": { "line": 10, "column": 72 }
      },
      "7": {
        "start": { "line": 12, "column": 0 },
        "end": { "line": 12, "column": 24 }
      },
      "8": {
        "start": { "line": 13, "column": 0 },
        "end": { "line": 13, "column": 49 }
      },
      "9": {
        "start": { "line": 15, "column": 0 },
        "end": { "line": 15, "column": 60 }
      },
      "10": {
        "start": { "line": 15, "column": 27 },
        "end": { "line": 15, "column": 58 }
      },
      "11": {
        "start": { "line": 17, "column": 0 },
        "end": { "line": 17, "column": 55 }
      },
      "12": {
        "start": { "line": 20, "column": 0 },
        "end": { "line": 23, "column": 3 }
      },
      "13": {
        "start": { "line": 21, "column": 2 },
        "end": { "line": 21, "column": 27 }
      },
      "14": {
        "start": { "line": 22, "column": 2 },
        "end": { "line": 22, "column": 81 }
      },
      "15": {
        "start": { "line": 25, "column": 0 },
        "end": { "line": 27, "column": 3 }
      },
      "16": {
        "start": { "line": 26, "column": 2 },
        "end": { "line": 26, "column": 69 }
      },
      "17": {
        "start": { "line": 26, "column": 25 },
        "end": { "line": 26, "column": 67 }
      },
      "18": {
        "start": { "line": 29, "column": 0 },
        "end": { "line": 29, "column": 21 }
      }
    },
    "fnMap": {
      "0": {
        "name": "(anonymous_0)",
        "decl": {
          "start": { "line": 15, "column": 13 },
          "end": { "line": 15, "column": 14 }
        },
        "loc": {
          "start": { "line": 15, "column": 27 },
          "end": { "line": 15, "column": 58 }
        },
        "line": 15
      },
      "1": {
        "name": "(anonymous_1)",
        "decl": {
          "start": { "line": 20, "column": 8 },
          "end": { "line": 20, "column": 9 }
        },
        "loc": {
          "start": { "line": 20, "column": 33 },
          "end": { "line": 23, "column": 1 }
        },
        "line": 20
      },
      "2": {
        "name": "(anonymous_2)",
        "decl": {
          "start": { "line": 25, "column": 19 },
          "end": { "line": 25, "column": 20 }
        },
        "loc": {
          "start": { "line": 25, "column": 25 },
          "end": { "line": 27, "column": 1 }
        },
        "line": 25
      },
      "3": {
        "name": "(anonymous_3)",
        "decl": {
          "start": { "line": 26, "column": 19 },
          "end": { "line": 26, "column": 20 }
        },
        "loc": {
          "start": { "line": 26, "column": 25 },
          "end": { "line": 26, "column": 67 }
        },
        "line": 26
      }
    },
    "branchMap": {},
    "s": {
      "0": 1,
      "1": 1,
      "2": 1,
      "3": 1,
      "4": 1,
      "5": 1,
      "6": 1,
      "7": 1,
      "8": 1,
      "9": 1,
      "10": 0,
      "11": 1,
      "12": 1,
      "13": 1,
      "14": 1,
      "15": 1,
      "16": 1,
      "17": 1,
      "18": 1
    },
    "f": { "0": 0, "1": 1, "2": 1, "3": 1 },
    "b": {},
    "_coverageSchema": "1a1c01bbd47fc00a2c39e90264f33305004495a9",
    "hash": "61c90d6900c67a82be7b7ad0237e85c5be629362"
  },
  "C:\\Users\\Stas\\Desktop\\Laboratory\\BackEnd\\finance-tracker\\config\\db.config.js": {
    "path": "C:\\Users\\Stas\\Desktop\\Laboratory\\BackEnd\\finance-tracker\\config\\db.config.js",
    "statementMap": {
      "0": {
        "start": { "line": 1, "column": 17 },
        "end": { "line": 1, "column": 36 }
      },
      "1": {
        "start": { "line": 3, "column": 20 },
        "end": { "line": 15, "column": 1 }
      },
      "2": {
        "start": { "line": 4, "column": 2 },
        "end": { "line": 14, "column": 3 }
      },
      "3": {
        "start": { "line": 5, "column": 4 },
        "end": { "line": 9, "column": 7 }
      },
      "4": {
        "start": { "line": 10, "column": 4 },
        "end": { "line": 10, "column": 40 }
      },
      "5": {
        "start": { "line": 12, "column": 4 },
        "end": { "line": 12, "column": 54 }
      },
      "6": {
        "start": { "line": 13, "column": 4 },
        "end": { "line": 13, "column": 20 }
      },
      "7": {
        "start": { "line": 17, "column": 0 },
        "end": { "line": 17, "column": 29 }
      }
    },
    "fnMap": {
      "0": {
        "name": "(anonymous_0)",
        "decl": {
          "start": { "line": 3, "column": 20 },
          "end": { "line": 3, "column": 21 }
        },
        "loc": {
          "start": { "line": 3, "column": 32 },
          "end": { "line": 15, "column": 1 }
        },
        "line": 3
      }
    },
    "branchMap": {},
    "s": { "0": 1, "1": 1, "2": 2, "3": 2, "4": 2, "5": 0, "6": 0, "7": 1 },
    "f": { "0": 2 },
    "b": {},
    "_coverageSchema": "1a1c01bbd47fc00a2c39e90264f33305004495a9",
    "hash": "ed2f3c77ba1b618d4a842abe9e4e5811f67f3564"
  },
  "C:\\Users\\Stas\\Desktop\\Laboratory\\BackEnd\\finance-tracker\\controllers\\expenses.controller.js": {
    "path": "C:\\Users\\Stas\\Desktop\\Laboratory\\BackEnd\\finance-tracker\\controllers\\expenses.controller.js",
    "statementMap": {
      "0": {
        "start": { "line": 1, "column": 16 },
        "end": { "line": 1, "column": 50 }
      },
      "1": {
        "start": { "line": 2, "column": 17 },
        "end": { "line": 2, "column": 52 }
      },
      "2": {
        "start": { "line": 3, "column": 19 },
        "end": { "line": 3, "column": 38 }
      },
      "3": {
        "start": { "line": 6, "column": 0 },
        "end": { "line": 18, "column": 2 }
      },
      "4": {
        "start": { "line": 7, "column": 2 },
        "end": { "line": 17, "column": 3 }
      },
      "5": {
        "start": { "line": 8, "column": 53 },
        "end": { "line": 8, "column": 61 }
      },
      "6": {
        "start": { "line": 9, "column": 21 },
        "end": { "line": 9, "column": 56 }
      },
      "7": {
        "start": { "line": 10, "column": 4 },
        "end": { "line": 12, "column": 5 }
      },
      "8": {
        "start": { "line": 11, "column": 6 },
        "end": { "line": 11, "column": 69 }
      },
      "9": {
        "start": { "line": 13, "column": 20 },
        "end": { "line": 13, "column": 82 }
      },
      "10": {
        "start": { "line": 14, "column": 4 },
        "end": { "line": 14, "column": 34 }
      },
      "11": {
        "start": { "line": 16, "column": 4 },
        "end": { "line": 16, "column": 16 }
      },
      "12": {
        "start": { "line": 21, "column": 0 },
        "end": { "line": 28, "column": 2 }
      },
      "13": {
        "start": { "line": 22, "column": 2 },
        "end": { "line": 27, "column": 3 }
      },
      "14": {
        "start": { "line": 23, "column": 21 },
        "end": { "line": 23, "column": 82 }
      },
      "15": {
        "start": { "line": 24, "column": 4 },
        "end": { "line": 24, "column": 35 }
      },
      "16": {
        "start": { "line": 26, "column": 4 },
        "end": { "line": 26, "column": 16 }
      },
      "17": {
        "start": { "line": 31, "column": 0 },
        "end": { "line": 48, "column": 2 }
      },
      "18": {
        "start": { "line": 32, "column": 2 },
        "end": { "line": 47, "column": 3 }
      },
      "19": {
        "start": { "line": 33, "column": 53 },
        "end": { "line": 33, "column": 61 }
      },
      "20": {
        "start": { "line": 34, "column": 4 },
        "end": { "line": 39, "column": 5 }
      },
      "21": {
        "start": { "line": 35, "column": 23 },
        "end": { "line": 35, "column": 58 }
      },
      "22": {
        "start": { "line": 36, "column": 6 },
        "end": { "line": 38, "column": 7 }
      },
      "23": {
        "start": { "line": 37, "column": 8 },
        "end": { "line": 37, "column": 71 }
      },
      "24": {
        "start": { "line": 40, "column": 20 },
        "end": { "line": 40, "column": 144 }
      },
      "25": {
        "start": { "line": 41, "column": 4 },
        "end": { "line": 43, "column": 5 }
      },
      "26": {
        "start": { "line": 42, "column": 6 },
        "end": { "line": 42, "column": 68 }
      },
      "27": {
        "start": { "line": 44, "column": 4 },
        "end": { "line": 44, "column": 34 }
      },
      "28": {
        "start": { "line": 46, "column": 4 },
        "end": { "line": 46, "column": 16 }
      },
      "29": {
        "start": { "line": 51, "column": 0 },
        "end": { "line": 61, "column": 2 }
      },
      "30": {
        "start": { "line": 52, "column": 2 },
        "end": { "line": 60, "column": 3 }
      },
      "31": {
        "start": { "line": 53, "column": 20 },
        "end": { "line": 53, "column": 66 }
      },
      "32": {
        "start": { "line": 54, "column": 4 },
        "end": { "line": 56, "column": 5 }
      },
      "33": {
        "start": { "line": 55, "column": 6 },
        "end": { "line": 55, "column": 68 }
      },
      "34": {
        "start": { "line": 57, "column": 4 },
        "end": { "line": 57, "column": 70 }
      },
      "35": {
        "start": { "line": 59, "column": 4 },
        "end": { "line": 59, "column": 16 }
      },
      "36": {
        "start": { "line": 64, "column": 0 },
        "end": { "line": 112, "column": 2 }
      },
      "37": {
        "start": { "line": 65, "column": 2 },
        "end": { "line": 111, "column": 3 }
      },
      "38": {
        "start": { "line": 66, "column": 35 },
        "end": { "line": 66, "column": 44 }
      },
      "39": {
        "start": { "line": 67, "column": 19 },
        "end": { "line": 67, "column": 21 }
      },
      "40": {
        "start": { "line": 68, "column": 4 },
        "end": { "line": 70, "column": 5 }
      },
      "41": {
        "start": { "line": 69, "column": 6 },
        "end": { "line": 69, "column": 75 }
      },
      "42": {
        "start": { "line": 73, "column": 18 },
        "end": { "line": 76, "column": 6 }
      },
      "43": {
        "start": { "line": 79, "column": 23 },
        "end": { "line": 96, "column": 6 }
      },
      "44": {
        "start": { "line": 99, "column": 20 },
        "end": { "line": 102, "column": 6 }
      },
      "45": {
        "start": { "line": 104, "column": 4 },
        "end": { "line": 108, "column": 7 }
      },
      "46": {
        "start": { "line": 110, "column": 4 },
        "end": { "line": 110, "column": 16 }
      },
      "47": {
        "start": { "line": 115, "column": 0 },
        "end": { "line": 128, "column": 2 }
      },
      "48": {
        "start": { "line": 116, "column": 2 },
        "end": { "line": 127, "column": 3 }
      },
      "49": {
        "start": { "line": 117, "column": 21 },
        "end": { "line": 117, "column": 70 }
      },
      "50": {
        "start": { "line": 118, "column": 19 },
        "end": { "line": 118, "column": 102 }
      },
      "51": {
        "start": { "line": 119, "column": 27 },
        "end": { "line": 119, "column": 49 }
      },
      "52": {
        "start": { "line": 120, "column": 16 },
        "end": { "line": 120, "column": 46 }
      },
      "53": {
        "start": { "line": 122, "column": 4 },
        "end": { "line": 122, "column": 43 }
      },
      "54": {
        "start": { "line": 123, "column": 4 },
        "end": { "line": 123, "column": 35 }
      },
      "55": {
        "start": { "line": 124, "column": 4 },
        "end": { "line": 124, "column": 30 }
      },
      "56": {
        "start": { "line": 126, "column": 4 },
        "end": { "line": 126, "column": 16 }
      },
      "57": {
        "start": { "line": 131, "column": 0 },
        "end": { "line": 139, "column": 2 }
      },
      "58": {
        "start": { "line": 132, "column": 2 },
        "end": { "line": 138, "column": 3 }
      },
      "59": {
        "start": { "line": 133, "column": 34 },
        "end": { "line": 133, "column": 42 }
      },
      "60": {
        "start": { "line": 134, "column": 21 },
        "end": { "line": 134, "column": 65 }
      },
      "61": {
        "start": { "line": 135, "column": 4 },
        "end": { "line": 135, "column": 35 }
      },
      "62": {
        "start": { "line": 137, "column": 4 },
        "end": { "line": 137, "column": 16 }
      }
    },
    "fnMap": {
      "0": {
        "name": "(anonymous_0)",
        "decl": {
          "start": { "line": 6, "column": 24 },
          "end": { "line": 6, "column": 25 }
        },
        "loc": {
          "start": { "line": 6, "column": 50 },
          "end": { "line": 18, "column": 1 }
        },
        "line": 6
      },
      "1": {
        "name": "(anonymous_1)",
        "decl": {
          "start": { "line": 21, "column": 25 },
          "end": { "line": 21, "column": 26 }
        },
        "loc": {
          "start": { "line": 21, "column": 51 },
          "end": { "line": 28, "column": 1 }
        },
        "line": 21
      },
      "2": {
        "name": "(anonymous_2)",
        "decl": {
          "start": { "line": 31, "column": 24 },
          "end": { "line": 31, "column": 25 }
        },
        "loc": {
          "start": { "line": 31, "column": 50 },
          "end": { "line": 48, "column": 1 }
        },
        "line": 31
      },
      "3": {
        "name": "(anonymous_3)",
        "decl": {
          "start": { "line": 51, "column": 24 },
          "end": { "line": 51, "column": 25 }
        },
        "loc": {
          "start": { "line": 51, "column": 50 },
          "end": { "line": 61, "column": 1 }
        },
        "line": 51
      },
      "4": {
        "name": "(anonymous_4)",
        "decl": {
          "start": { "line": 64, "column": 24 },
          "end": { "line": 64, "column": 25 }
        },
        "loc": {
          "start": { "line": 64, "column": 50 },
          "end": { "line": 112, "column": 1 }
        },
        "line": 64
      },
      "5": {
        "name": "(anonymous_5)",
        "decl": {
          "start": { "line": 115, "column": 25 },
          "end": { "line": 115, "column": 26 }
        },
        "loc": {
          "start": { "line": 115, "column": 51 },
          "end": { "line": 128, "column": 1 }
        },
        "line": 115
      },
      "6": {
        "name": "(anonymous_6)",
        "decl": {
          "start": { "line": 131, "column": 25 },
          "end": { "line": 131, "column": 26 }
        },
        "loc": {
          "start": { "line": 131, "column": 51 },
          "end": { "line": 139, "column": 1 }
        },
        "line": 131
      }
    },
    "branchMap": {
      "0": {
        "loc": {
          "start": { "line": 10, "column": 4 },
          "end": { "line": 12, "column": 5 }
        },
        "type": "if",
        "locations": [
          {
            "start": { "line": 10, "column": 4 },
            "end": { "line": 12, "column": 5 }
          },
          { "start": {}, "end": {} }
        ],
        "line": 10
      },
      "1": {
        "loc": {
          "start": { "line": 34, "column": 4 },
          "end": { "line": 39, "column": 5 }
        },
        "type": "if",
        "locations": [
          {
            "start": { "line": 34, "column": 4 },
            "end": { "line": 39, "column": 5 }
          },
          { "start": {}, "end": {} }
        ],
        "line": 34
      },
      "2": {
        "loc": {
          "start": { "line": 36, "column": 6 },
          "end": { "line": 38, "column": 7 }
        },
        "type": "if",
        "locations": [
          {
            "start": { "line": 36, "column": 6 },
            "end": { "line": 38, "column": 7 }
          },
          { "start": {}, "end": {} }
        ],
        "line": 36
      },
      "3": {
        "loc": {
          "start": { "line": 41, "column": 4 },
          "end": { "line": 43, "column": 5 }
        },
        "type": "if",
        "locations": [
          {
            "start": { "line": 41, "column": 4 },
            "end": { "line": 43, "column": 5 }
          },
          { "start": {}, "end": {} }
        ],
        "line": 41
      },
      "4": {
        "loc": {
          "start": { "line": 54, "column": 4 },
          "end": { "line": 56, "column": 5 }
        },
        "type": "if",
        "locations": [
          {
            "start": { "line": 54, "column": 4 },
            "end": { "line": 56, "column": 5 }
          },
          { "start": {}, "end": {} }
        ],
        "line": 54
      },
      "5": {
        "loc": {
          "start": { "line": 68, "column": 4 },
          "end": { "line": 70, "column": 5 }
        },
        "type": "if",
        "locations": [
          {
            "start": { "line": 68, "column": 4 },
            "end": { "line": 70, "column": 5 }
          },
          { "start": {}, "end": {} }
        ],
        "line": 68
      },
      "6": {
        "loc": {
          "start": { "line": 68, "column": 8 },
          "end": { "line": 68, "column": 28 }
        },
        "type": "binary-expr",
        "locations": [
          {
            "start": { "line": 68, "column": 8 },
            "end": { "line": 68, "column": 17 }
          },
          {
            "start": { "line": 68, "column": 21 },
            "end": { "line": 68, "column": 28 }
          }
        ],
        "line": 68
      },
      "7": {
        "loc": {
          "start": { "line": 105, "column": 19 },
          "end": { "line": 105, "column": 45 }
        },
        "type": "binary-expr",
        "locations": [
          {
            "start": { "line": 105, "column": 19 },
            "end": { "line": 105, "column": 40 }
          },
          {
            "start": { "line": 105, "column": 44 },
            "end": { "line": 105, "column": 45 }
          }
        ],
        "line": 105
      },
      "8": {
        "loc": {
          "start": { "line": 107, "column": 21 },
          "end": { "line": 107, "column": 51 }
        },
        "type": "binary-expr",
        "locations": [
          {
            "start": { "line": 107, "column": 21 },
            "end": { "line": 107, "column": 46 }
          },
          {
            "start": { "line": 107, "column": 50 },
            "end": { "line": 107, "column": 51 }
          }
        ],
        "line": 107
      }
    },
    "s": {
      "0": 1,
      "1": 1,
      "2": 1,
      "3": 1,
      "4": 1,
      "5": 1,
      "6": 1,
      "7": 1,
      "8": 0,
      "9": 1,
      "10": 1,
      "11": 0,
      "12": 1,
      "13": 2,
      "14": 2,
      "15": 1,
      "16": 1,
      "17": 1,
      "18": 1,
      "19": 1,
      "20": 1,
      "21": 1,
      "22": 1,
      "23": 0,
      "24": 1,
      "25": 1,
      "26": 0,
      "27": 1,
      "28": 0,
      "29": 1,
      "30": 1,
      "31": 1,
      "32": 1,
      "33": 0,
      "34": 1,
      "35": 0,
      "36": 1,
      "37": 1,
      "38": 1,
      "39": 1,
      "40": 1,
      "41": 1,
      "42": 1,
      "43": 1,
      "44": 1,
      "45": 1,
      "46": 0,
      "47": 1,
      "48": 1,
      "49": 1,
      "50": 1,
      "51": 1,
      "52": 1,
      "53": 1,
      "54": 1,
      "55": 1,
      "56": 0,
      "57": 1,
      "58": 1,
      "59": 1,
      "60": 1,
      "61": 1,
      "62": 0
    },
    "f": { "0": 1, "1": 2, "2": 1, "3": 1, "4": 1, "5": 1, "6": 1 },
    "b": {
      "0": [0, 1],
      "1": [1, 0],
      "2": [0, 1],
      "3": [0, 1],
      "4": [0, 1],
      "5": [1, 0],
      "6": [1, 1],
      "7": [1, 0],
      "8": [1, 0]
    },
    "_coverageSchema": "1a1c01bbd47fc00a2c39e90264f33305004495a9",
    "hash": "2151a0c9681a68bddf0b9123102827bc5908a481"
  },
  "C:\\Users\\Stas\\Desktop\\Laboratory\\BackEnd\\finance-tracker\\models\\category.model.js": {
    "path": "C:\\Users\\Stas\\Desktop\\Laboratory\\BackEnd\\finance-tracker\\models\\category.model.js",
    "statementMap": {
      "0": {
        "start": { "line": 1, "column": 17 },
        "end": { "line": 1, "column": 36 }
      },
      "1": {
        "start": { "line": 3, "column": 26 },
        "end": { "line": 3, "column": 34 }
      },
      "2": {
        "start": { "line": 5, "column": 23 },
        "end": { "line": 8, "column": 24 }
      },
      "3": {
        "start": { "line": 10, "column": 17 },
        "end": { "line": 10, "column": 50 }
      },
      "4": {
        "start": { "line": 11, "column": 0 },
        "end": { "line": 11, "column": 26 }
      }
    },
    "fnMap": {},
    "branchMap": {},
    "s": { "0": 1, "1": 1, "2": 1, "3": 1, "4": 1 },
    "f": {},
    "b": {},
    "_coverageSchema": "1a1c01bbd47fc00a2c39e90264f33305004495a9",
    "hash": "45a9c8cf4e7ee4ed4372d13e2e0c083456220ccd"
  },
  "C:\\Users\\Stas\\Desktop\\Laboratory\\BackEnd\\finance-tracker\\models\\expense.model.js": {
    "path": "C:\\Users\\Stas\\Desktop\\Laboratory\\BackEnd\\finance-tracker\\models\\expense.model.js",
    "statementMap": {
      "0": {
        "start": { "line": 1, "column": 17 },
        "end": { "line": 1, "column": 36 }
      },
      "1": {
        "start": { "line": 3, "column": 26 },
        "end": { "line": 3, "column": 34 }
      },
      "2": {
        "start": { "line": 5, "column": 22 },
        "end": { "line": 13, "column": 1 }
      },
      "3": {
        "start": { "line": 15, "column": 16 },
        "end": { "line": 15, "column": 47 }
      },
      "4": {
        "start": { "line": 16, "column": 0 },
        "end": { "line": 16, "column": 25 }
      }
    },
    "fnMap": {},
    "branchMap": {},
    "s": { "0": 1, "1": 1, "2": 1, "3": 1, "4": 1 },
    "f": {},
    "b": {},
    "_coverageSchema": "1a1c01bbd47fc00a2c39e90264f33305004495a9",
    "hash": "d25cb113b16b28ea8d2a523bd005a244fe417a0f"
  },
  "C:\\Users\\Stas\\Desktop\\Laboratory\\BackEnd\\finance-tracker\\routes\\expenses.js": {
    "path": "C:\\Users\\Stas\\Desktop\\Laboratory\\BackEnd\\finance-tracker\\routes\\expenses.js",
    "statementMap": {
      "0": {
        "start": { "line": 1, "column": 16 },
        "end": { "line": 1, "column": 34 }
      },
      "1": {
        "start": { "line": 2, "column": 15 },
        "end": { "line": 2, "column": 31 }
      },
      "2": {
        "start": { "line": 3, "column": 27 },
        "end": { "line": 3, "column": 72 }
      },
      "3": {
        "start": { "line": 5, "column": 0 },
        "end": { "line": 5, "column": 51 }
      },
      "4": {
        "start": { "line": 6, "column": 0 },
        "end": { "line": 6, "column": 51 }
      },
      "5": {
        "start": { "line": 7, "column": 0 },
        "end": { "line": 7, "column": 53 }
      },
      "6": {
        "start": { "line": 8, "column": 0 },
        "end": { "line": 8, "column": 56 }
      },
      "7": {
        "start": { "line": 9, "column": 0 },
        "end": { "line": 9, "column": 60 }
      },
      "8": {
        "start": { "line": 10, "column": 0 },
        "end": { "line": 10, "column": 57 }
      },
      "9": {
        "start": { "line": 11, "column": 0 },
        "end": { "line": 11, "column": 62 }
      },
      "10": {
        "start": { "line": 13, "column": 0 },
        "end": { "line": 13, "column": 24 }
      }
    },
    "fnMap": {},
    "branchMap": {},
    "s": {
      "0": 1,
      "1": 1,
      "2": 1,
      "3": 1,
      "4": 1,
      "5": 1,
      "6": 1,
      "7": 1,
      "8": 1,
      "9": 1,
      "10": 1
    },
    "f": {},
    "b": {},
    "_coverageSchema": "1a1c01bbd47fc00a2c39e90264f33305004495a9",
    "hash": "11a6d32b176a54e6cde4e579c3260e941c260a64"
  }
}
