TN:
SF:app.js
FN:34,(anonymous_0)
FN:38,(anonymous_1)
FN:41,(anonymous_2)
FN:46,(anonymous_3)
FN:51,(anonymous_4)
FN:52,(anonymous_5)
FNF:6
FNH:3
FNDA:0,(anonymous_0)
FNDA:0,(anonymous_1)
FNDA:0,(anonymous_2)
FNDA:4,(anonymous_3)
FNDA:1,(anonymous_4)
FNDA:1,(anonymous_5)
DA:1,1
DA:2,1
DA:3,1
DA:4,1
DA:5,1
DA:6,1
DA:7,1
DA:8,1
DA:10,1
DA:11,1
DA:12,1
DA:14,1
DA:15,1
DA:18,1
DA:19,1
DA:22,1
DA:23,1
DA:25,1
DA:26,1
DA:27,1
DA:28,1
DA:29,1
DA:31,1
DA:32,1
DA:33,1
DA:34,1
DA:35,0
DA:38,1
DA:41,1
DA:42,0
DA:46,1
DA:47,4
DA:48,4
DA:51,1
DA:52,1
DA:55,1
LF:36
LH:34
BRF:0
BRH:0
end_of_record
TN:
SF:config\db.config.js
FN:3,(anonymous_0)
FNF:1
FNH:1
FNDA:3,(anonymous_0)
DA:1,1
DA:3,1
DA:4,3
DA:5,3
DA:13,2
DA:15,1
DA:16,1
DA:20,1
LF:8
LH:8
BRF:0
BRH:0
end_of_record
TN:
SF:controllers\categories.controller.js
FN:5,(anonymous_0)
FN:15,(anonymous_1)
FN:26,(anonymous_2)
FN:49,(anonymous_3)
FNF:4
FNH:4
FNDA:1,(anonymous_0)
FNDA:1,(anonymous_1)
FNDA:3,(anonymous_2)
FNDA:2,(anonymous_3)
DA:1,2
DA:2,2
DA:5,2
DA:6,1
DA:7,1
DA:8,1
DA:10,0
DA:15,2
DA:16,1
DA:17,1
DA:18,1
DA:19,1
DA:21,0
DA:26,2
DA:27,3
DA:28,3
DA:30,3
DA:31,3
DA:32,1
DA:37,2
DA:38,2
DA:39,1
DA:42,1
DA:44,0
DA:49,2
DA:50,2
DA:51,2
DA:52,2
DA:54,2
DA:60,2
DA:61,1
DA:64,1
DA:66,0
LF:33
LH:29
BRDA:31,0,0,1
BRDA:31,0,1,2
BRDA:38,1,0,1
BRDA:38,1,1,1
BRDA:60,2,0,1
BRDA:60,2,1,1
BRF:6
BRH:6
end_of_record
TN:
SF:controllers\expenses.controller.js
FN:6,(anonymous_0)
FN:27,(anonymous_1)
FN:41,(anonymous_2)
FN:65,(anonymous_3)
FN:78,(anonymous_4)
FN:139,(anonymous_5)
FNF:6
FNH:6
FNDA:4,(anonymous_0)
FNDA:3,(anonymous_1)
FNDA:2,(anonymous_2)
FNDA:2,(anonymous_3)
FNDA:2,(anonymous_4)
FNDA:2,(anonymous_5)
DA:1,1
DA:2,1
DA:3,1
DA:6,1
DA:7,4
DA:8,4
DA:10,4
DA:11,4
DA:12,2
DA:15,2
DA:16,2
DA:17,1
DA:19,1
DA:20,1
DA:22,0
DA:27,1
DA:28,3
DA:29,3
DA:30,1
DA:33,2
DA:34,1
DA:36,2
DA:41,1
DA:42,2
DA:43,2
DA:44,2
DA:45,2
DA:46,2
DA:47,0
DA:50,2
DA:55,2
DA:56,1
DA:58,1
DA:60,0
DA:65,1
DA:66,2
DA:67,2
DA:68,2
DA:69,1
DA:71,1
DA:73,0
DA:78,1
DA:79,2
DA:80,2
DA:81,2
DA:82,2
DA:83,2
DA:87,2
DA:98,1
DA:118,1
DA:123,1
DA:124,1
DA:125,1
DA:126,1
DA:128,1
DA:134,1
DA:139,1
DA:140,2
DA:141,2
DA:142,1
DA:151,1
DA:152,1
DA:154,1
DA:155,1
DA:156,1
DA:158,1
LF:66
LH:62
BRDA:11,0,0,2
BRDA:11,0,1,2
BRDA:19,1,0,1
BRDA:19,1,1,0
BRDA:29,2,0,1
BRDA:29,2,1,2
BRDA:44,3,0,2
BRDA:44,3,1,0
BRDA:46,4,0,0
BRDA:46,4,1,2
BRDA:55,5,0,1
BRDA:55,5,1,1
BRDA:68,6,0,1
BRDA:68,6,1,1
BRDA:82,7,0,2
BRDA:82,7,1,0
BRDA:82,8,0,2
BRDA:82,8,1,2
BRDA:129,9,0,1
BRDA:129,9,1,0
BRDA:131,10,0,1
BRDA:131,10,1,0
BRF:22
BRH:16
end_of_record
TN:
SF:models\category.model.js
FNF:0
FNH:0
DA:1,2
DA:3,2
DA:8,2
LF:3
LH:3
BRDA:8,0,0,2
BRDA:8,0,1,2
BRF:2
BRH:2
end_of_record
TN:
SF:models\expense.model.js
FNF:0
FNH:0
DA:1,2
DA:3,2
DA:5,2
DA:15,2
LF:4
LH:4
BRDA:15,0,0,2
BRDA:15,0,1,2
BRF:2
BRH:2
end_of_record
TN:
SF:routes\categories.js
FNF:0
FNH:0
DA:1,1
DA:3,1
DA:4,1
DA:6,1
DA:7,1
DA:8,1
DA:9,1
DA:11,1
LF:8
LH:8
BRF:0
BRH:0
end_of_record
TN:
SF:routes\expenses.js
FNF:0
FNH:0
DA:1,1
DA:3,1
DA:4,1
DA:6,1
DA:7,1
DA:8,1
DA:9,1
DA:10,1
DA:11,1
DA:13,1
LF:10
LH:10
BRF:0
BRH:0
end_of_record
TN:
SF:routes\index.js
FN:6,(anonymous_0)
FNF:1
FNH:0
FNDA:0,(anonymous_0)
DA:1,1
DA:3,1
DA:6,1
DA:7,0
DA:10,1
LF:5
LH:4
BRF:0
BRH:0
end_of_record
